<?xml version="1.0" encoding="UTF-8"?>
<!-- Generated by org.testng.reporters.JUnitXMLReporter -->
<testsuite ignored="0" hostname="QT-INBG-LT0303" failures="0" tests="27" name="Test" time="161.699" errors="0" timestamp="2022-09-19T09:52:04 IST">
  <testcase classname="sample.signin" name="signin" time="11.732"/>
  <testcase classname="sample.signin" name="signin2" time="5.731"/>
  <testcase classname="sample.signin" name="signin3" time="5.557"/>
  <testcase classname="sample.signin" name="signin4" time="5.617"/>
  <testcase classname="sample.signin" name="signin5" time="6.141"/>
  <testcase classname="sample.signupp" name="testdata" time="2.378"/>
  <testcase classname="sample.signupp" name="testdata" time="2.298"/>
  <testcase classname="sample.signupp" name="testdata" time="2.381"/>
  <testcase classname="sample.signupp" name="testdata" time="2.365"/>
  <testcase classname="sample.signupp" name="testdata" time="2.374"/>
  <testcase classname="sample.signupp" name="testdata" time="2.434"/>
  <testcase classname="sample.signupp" name="testdata" time="2.391"/>
  <testcase classname="sample.signupp" name="testdata" time="2.308"/>
  <testcase classname="sample.signupp" name="testdata" time="2.375"/>
  <testcase classname="sample.signupp" name="testdata" time="2.32"/>
  <testcase classname="sample.signupp" name="testdata" time="2.3"/>
  <testcase classname="sample.signupp" name="testdata" time="2.37"/>
  <testcase classname="sample.signupp" name="testdata" time="2.315"/>
  <testcase classname="sample.signupp" name="testdata" time="2.405"/>
  <testcase classname="sample.homepage" name="homepage1" time="4.663"/>
  <testcase classname="sample.homepage" name="homepage2" time="4.836"/>
  <testcase classname="sample.homepage" name="homepage3" time="5.054"/>
  <testcase classname="sample.homepage" name="homepage4" time="5.201"/>
  <testcase classname="sample.homepage" name="homepage5" time="5.074"/>
  <testcase classname="sample.homepage" name="homepage6" time="5.213"/>
  <testcase classname="sample.homepage" name="homepage7" time="5.006"/>
  <testcase classname="sample.homepage" name="homepage8" time="5.066"/>
</testsuite> <!-- Test -->
